<?xml version="1.0" encoding="UTF-8"?>
<testng-results ignored="0" total="1" passed="1" failed="0" skipped="0">
  <reporter-output>
  </reporter-output>
  <suite started-at="2025-12-01T18:36:35 IST" name="Suite" finished-at="2025-12-01T18:36:40 IST" duration-ms="5461">
    <groups>
    </groups>
    <test started-at="2025-12-01T18:36:35 IST" name="Chrome" finished-at="2025-12-01T18:36:40 IST" duration-ms="5461">
      <class name="testCases.TC006_WishList">
        <test-method is-config="true" signature="SetUp(java.lang.String,java.lang.String)[pri:0, instance:testCases.TC006_WishList@130e116b]" started-at="2025-12-01T18:36:35 IST" name="SetUp" finished-at="2025-12-01T18:36:39 IST" duration-ms="3906" status="PASS">
          <params>
            <param index="0">
              <value>
                <![CDATA[chrome]]>
              </value>
            </param>
            <param index="1">
              <value>
                <![CDATA[mac]]>
              </value>
            </param>
          </params>
          <reporter-output>
          </reporter-output>
        </test-method> <!-- SetUp -->
        <test-method signature="verifyWishList()[pri:0, instance:testCases.TC006_WishList@130e116b]" started-at="2025-12-01T18:36:39 IST" name="verifyWishList" finished-at="2025-12-01T18:36:40 IST" duration-ms="1469" status="PASS">
          <reporter-output>
          </reporter-output>
        </test-method> <!-- verifyWishList -->
        <test-method is-config="true" signature="tearDown()[pri:0, instance:testCases.TC006_WishList@130e116b]" started-at="2025-12-01T18:36:40 IST" name="tearDown" finished-at="2025-12-01T18:36:40 IST" duration-ms="0" status="PASS">
          <reporter-output>
          </reporter-output>
        </test-method> <!-- tearDown -->
      </class> <!-- testCases.TC006_WishList -->
    </test> <!-- Chrome -->
  </suite> <!-- Suite -->
</testng-results>
