<?xml version="1.0" encoding="UTF-8"?>
<!-- Generated by org.testng.reporters.JUnitReportReporter -->
<testsuite hostname="Shubham-Infinitys-MacBook-Air.local" failures="0" tests="5" name="testCases.TC003_LoginDDT" time="35.350" errors="0" timestamp="2025-11-17T15:28:03 IST" skipped="0">
  <testcase classname="testCases.TC003_LoginDDT" name="verify_login" time="10.786"/>
  <testcase classname="testCases.TC003_LoginDDT" name="verify_login" time="10.968"/>
  <testcase classname="testCases.TC003_LoginDDT" name="verify_login" time="1.514"/>
  <testcase classname="testCases.TC003_LoginDDT" name="verify_login" time="10.382"/>
  <testcase classname="testCases.TC003_LoginDDT" name="verify_login" time="1.700"/>
</testsuite> <!-- testCases.TC003_LoginDDT -->
